<?xml version="1.0" encoding="UTF-8"?>
<!-- Generated by org.testng.reporters.JUnitXMLReporter -->
<testsuite ignored="0" hostname="Lenovo-PC" failures="0" tests="2" name="Test Runner 2" time="235.396" errors="0" timestamp="2023-08-11T09:34:21 IST">
  <testcase classname="crossbrowserparallel.SwiggyTest" name="swiggyTest" time="0.0">
    <skipped/>
  </testcase> <!-- swiggyTest -->
  <testcase classname="crossbrowserparallel.GoogleTest" name="googleTest" time="0.0">
    <skipped/>
  </testcase> <!-- googleTest -->
</testsuite> <!-- Test Runner 2 -->
