<?xml version="1.0" encoding="UTF-8"?>
<!-- Generated by org.testng.reporters.JUnitXMLReporter -->
<testsuite ignored="7" hostname="Lenovo-PC" failures="0" tests="5" name="Test" time="0.137" errors="0" timestamp="2023-08-18T09:03:44 IST">
  <testcase classname="Groupexecution.Test2" name="demo2" time="0.017"/>
  <testcase classname="Groupexecution.Test1" name="demo2" time="0.002"/>
  <testcase classname="Groupexecution.Test1" name="demo3" time="0.002"/>
  <testcase classname="Groupexecution.Test3" name="demo2" time="0.003"/>
  <testcase classname="Groupexecution.Test3" name="demo3" time="0.003"/>
  <testcase classname="Groupexecution.Test2" name="demo1" time="0.0">
    <ignored/>
  </testcase> <!-- demo1 -->
  <testcase classname="Groupexecution.Test4" name="demo1" time="0.0">
    <ignored/>
  </testcase> <!-- demo1 -->
  <testcase classname="Groupexecution.Test4" name="demo2" time="0.0">
    <ignored/>
  </testcase> <!-- demo2 -->
  <testcase classname="Groupexecution.Test4" name="demo3" time="0.0">
    <ignored/>
  </testcase> <!-- demo3 -->
  <testcase classname="Groupexecution.Test3" name="demo1" time="0.0">
    <ignored/>
  </testcase> <!-- demo1 -->
  <testcase classname="Groupexecution.Test1" name="demo1" time="0.0">
    <ignored/>
  </testcase> <!-- demo1 -->
  <testcase classname="Groupexecution.Test2" name="demo3" time="0.0">
    <ignored/>
  </testcase> <!-- demo3 -->
</testsuite> <!-- Test -->
