<?xml version="1.0" encoding="UTF-8"?>
<testng-results ignored="0" total="5" passed="5" failed="0" skipped="0">
  <reporter-output>
  </reporter-output>
  <suite started-at="2023-08-18T09:03:44 IST" name="Suite" finished-at="2023-08-18T09:03:44 IST" duration-ms="137">
    <groups>
      <group name="system">
        <method signature="Test3.demo3()[pri:0, instance:Groupexecution.Test3@1ed4ae0f]" name="demo3" class="Groupexecution.Test3"/>
      </group> <!-- system -->
      <group name="regression">
        <method signature="Test1.demo2()[pri:0, instance:Groupexecution.Test1@644baf4a]" name="demo2" class="Groupexecution.Test1"/>
        <method signature="Test1.demo3()[pri:0, instance:Groupexecution.Test1@644baf4a]" name="demo3" class="Groupexecution.Test1"/>
        <method signature="Test2.demo2()[pri:0, instance:Groupexecution.Test2@368247b9]" name="demo2" class="Groupexecution.Test2"/>
        <method signature="Test3.demo2()[pri:0, instance:Groupexecution.Test3@1ed4ae0f]" name="demo2" class="Groupexecution.Test3"/>
        <method signature="Test3.demo3()[pri:0, instance:Groupexecution.Test3@1ed4ae0f]" name="demo3" class="Groupexecution.Test3"/>
      </group> <!-- regression -->
      <group name="smoke">
        <method signature="Test1.demo3()[pri:0, instance:Groupexecution.Test1@644baf4a]" name="demo3" class="Groupexecution.Test1"/>
      </group> <!-- smoke -->
    </groups>
    <test started-at="2023-08-18T09:03:44 IST" name="Test" finished-at="2023-08-18T09:03:44 IST" duration-ms="137">
      <class name="Groupexecution.Test3">
        <test-method signature="demo2()[pri:0, instance:Groupexecution.Test3@1ed4ae0f]" started-at="2023-08-18T09:03:44 IST" name="demo2" finished-at="2023-08-18T09:03:44 IST" duration-ms="3" status="PASS">
          <reporter-output>
          </reporter-output>
        </test-method> <!-- demo2 -->
        <test-method signature="demo3()[pri:0, instance:Groupexecution.Test3@1ed4ae0f]" started-at="2023-08-18T09:03:44 IST" name="demo3" finished-at="2023-08-18T09:03:44 IST" duration-ms="3" status="PASS">
          <reporter-output>
          </reporter-output>
        </test-method> <!-- demo3 -->
      </class> <!-- Groupexecution.Test3 -->
      <class name="Groupexecution.Test2">
        <test-method signature="demo2()[pri:0, instance:Groupexecution.Test2@368247b9]" started-at="2023-08-18T09:03:44 IST" name="demo2" finished-at="2023-08-18T09:03:44 IST" duration-ms="17" status="PASS">
          <reporter-output>
          </reporter-output>
        </test-method> <!-- demo2 -->
      </class> <!-- Groupexecution.Test2 -->
      <class name="Groupexecution.Test1">
        <test-method signature="demo2()[pri:0, instance:Groupexecution.Test1@644baf4a]" started-at="2023-08-18T09:03:44 IST" name="demo2" finished-at="2023-08-18T09:03:44 IST" duration-ms="2" status="PASS">
          <reporter-output>
          </reporter-output>
        </test-method> <!-- demo2 -->
        <test-method signature="demo3()[pri:0, instance:Groupexecution.Test1@644baf4a]" started-at="2023-08-18T09:03:44 IST" name="demo3" finished-at="2023-08-18T09:03:44 IST" duration-ms="2" status="PASS">
          <reporter-output>
          </reporter-output>
        </test-method> <!-- demo3 -->
      </class> <!-- Groupexecution.Test1 -->
    </test> <!-- Test -->
  </suite> <!-- Suite -->
</testng-results>
